<?xml version="1.0" encoding="UTF-8"?>
<!-- Generated by org.testng.reporters.JUnitXMLReporter -->
<testsuite hostname="BAIPL-PC-HR2" failures="0" tests="15" name="Default test" time="25.795" errors="0" timestamp="24 Aug 2022 08:40:26 GMT">
  <testcase classname="com.androjavatech4u.testcases.UserTestCase" name="CreateUser" time="5.9"/>
  <testcase classname="com.androjavatech4u.testcases.UserTestCase" name="registerUnSuccessfully" time="1.56"/>
  <testcase classname="com.androjavatech4u.testcases.UserTestCase" name="registerSuccessfull" time="1.537"/>
  <testcase classname="com.androjavatech4u.testcases.UserTestCase" name="loginSuccessfull" time="1.213"/>
  <testcase classname="com.androjavatech4u.testcases.UserTestCase" name="loginUnSuccessfull" time="1.291"/>
  <testcase classname="com.androjavatech4u.testcases.UserTestCase" name="usersList" time="0.855"/>
  <testcase classname="com.androjavatech4u.testcases.UserTestCase" name="singleUser" time="0.768"/>
  <testcase classname="com.androjavatech4u.testcases.UserTestCase" name="singleUserNotFound" time="0.865"/>
  <testcase classname="com.androjavatech4u.testcases.UserTestCase" name="listResource" time="1.301"/>
  <testcase classname="com.androjavatech4u.testcases.UserTestCase" name="singleResource" time="2.023"/>
  <testcase classname="com.androjavatech4u.testcases.UserTestCase" name="singleResourceNotFound" time="1.799"/>
  <testcase classname="com.androjavatech4u.testcases.UserTestCase" name="delayedResponse" time="4.236"/>
  <testcase classname="com.androjavatech4u.testcases.UserTestCase" name="updateUser" time="0.675"/>
  <testcase classname="com.androjavatech4u.testcases.UserTestCase" name="UserUpdatePatchApi" time="0.525"/>
  <testcase classname="com.androjavatech4u.testcases.UserTestCase" name="deleteUser" time="0.489"/>
</testsuite> <!-- Default test -->
